E:\VS2012\DOCUMENTS\NETWORKROUTE\NETWORKROUTE\DEBUG\GRAPHAPP.OBJ
E:\VS2012\DOCUMENTS\NETWORKROUTE\NETWORKROUTE\DEBUG\GRAPHLNK.OBJ
E:\VS2012\DOCUMENTS\NETWORKROUTE\NETWORKROUTE\DEBUG\MENU.OBJ
E:\VS2012\DOCUMENTS\NETWORKROUTE\NETWORKROUTE\DEBUG\ROUTE.OBJ
E:\VS2012\DOCUMENTS\NETWORKROUTE\NETWORKROUTE\DEBUG\VC110.PDB
E:\VS2012\DOCUMENTS\NETWORKROUTE\DEBUG\NETWORKROUTE.ILK
E:\VS2012\DOCUMENTS\NETWORKROUTE\DEBUG\NETWORKROUTE.EXE
E:\VS2012\DOCUMENTS\NETWORKROUTE\DEBUG\NETWORKROUTE.PDB
E:\vs2012\documents\NetworkRoute\NetworkRoute\Debug\GraphApp.obj
E:\vs2012\documents\NetworkRoute\NetworkRoute\Debug\Graphlnk.obj
E:\vs2012\documents\NetworkRoute\NetworkRoute\Debug\menu.obj
E:\vs2012\documents\NetworkRoute\NetworkRoute\Debug\Route.obj
E:\vs2012\documents\NetworkRoute\NetworkRoute\Debug\cl.command.1.tlog
E:\vs2012\documents\NetworkRoute\NetworkRoute\Debug\CL.read.1.tlog
E:\vs2012\documents\NetworkRoute\NetworkRoute\Debug\CL.write.1.tlog
E:\vs2012\documents\NetworkRoute\NetworkRoute\Debug\link-cvtres.read.1.tlog
E:\vs2012\documents\NetworkRoute\NetworkRoute\Debug\link-cvtres.write.1.tlog
E:\vs2012\documents\NetworkRoute\NetworkRoute\Debug\link-rc.read.1.tlog
E:\vs2012\documents\NetworkRoute\NetworkRoute\Debug\link-rc.write.1.tlog
E:\vs2012\documents\NetworkRoute\NetworkRoute\Debug\link.11220-cvtres.read.1.tlog
E:\vs2012\documents\NetworkRoute\NetworkRoute\Debug\link.11220-cvtres.write.1.tlog
E:\vs2012\documents\NetworkRoute\NetworkRoute\Debug\link.11220-rc.read.1.tlog
E:\vs2012\documents\NetworkRoute\NetworkRoute\Debug\link.11220-rc.write.1.tlog
E:\vs2012\documents\NetworkRoute\NetworkRoute\Debug\link.11220.read.1.tlog
E:\vs2012\documents\NetworkRoute\NetworkRoute\Debug\link.11220.write.1.tlog
E:\vs2012\documents\NetworkRoute\NetworkRoute\Debug\link.1212-cvtres.read.1.tlog
E:\vs2012\documents\NetworkRoute\NetworkRoute\Debug\link.1212-cvtres.write.1.tlog
E:\vs2012\documents\NetworkRoute\NetworkRoute\Debug\link.1212-rc.read.1.tlog
E:\vs2012\documents\NetworkRoute\NetworkRoute\Debug\link.1212-rc.write.1.tlog
E:\vs2012\documents\NetworkRoute\NetworkRoute\Debug\link.1212.read.1.tlog
E:\vs2012\documents\NetworkRoute\NetworkRoute\Debug\link.1212.write.1.tlog
E:\vs2012\documents\NetworkRoute\NetworkRoute\Debug\link.1224-cvtres.read.1.tlog
E:\vs2012\documents\NetworkRoute\NetworkRoute\Debug\link.1224-cvtres.write.1.tlog
E:\vs2012\documents\NetworkRoute\NetworkRoute\Debug\link.1224-rc.read.1.tlog
E:\vs2012\documents\NetworkRoute\NetworkRoute\Debug\link.1224-rc.write.1.tlog
E:\vs2012\documents\NetworkRoute\NetworkRoute\Debug\link.1224.read.1.tlog
E:\vs2012\documents\NetworkRoute\NetworkRoute\Debug\link.1224.write.1.tlog
E:\vs2012\documents\NetworkRoute\NetworkRoute\Debug\link.1844-cvtres.read.1.tlog
E:\vs2012\documents\NetworkRoute\NetworkRoute\Debug\link.1844-cvtres.write.1.tlog
E:\vs2012\documents\NetworkRoute\NetworkRoute\Debug\link.1844-rc.read.1.tlog
E:\vs2012\documents\NetworkRoute\NetworkRoute\Debug\link.1844-rc.write.1.tlog
E:\vs2012\documents\NetworkRoute\NetworkRoute\Debug\link.1844.read.1.tlog
E:\vs2012\documents\NetworkRoute\NetworkRoute\Debug\link.1844.write.1.tlog
E:\vs2012\documents\NetworkRoute\NetworkRoute\Debug\link.22224-cvtres.read.1.tlog
E:\vs2012\documents\NetworkRoute\NetworkRoute\Debug\link.22224-cvtres.write.1.tlog
E:\vs2012\documents\NetworkRoute\NetworkRoute\Debug\link.22224-rc.read.1.tlog
E:\vs2012\documents\NetworkRoute\NetworkRoute\Debug\link.22224-rc.write.1.tlog
E:\vs2012\documents\NetworkRoute\NetworkRoute\Debug\link.22224.read.1.tlog
E:\vs2012\documents\NetworkRoute\NetworkRoute\Debug\link.22224.write.1.tlog
E:\vs2012\documents\NetworkRoute\NetworkRoute\Debug\link.7596-cvtres.read.1.tlog
E:\vs2012\documents\NetworkRoute\NetworkRoute\Debug\link.7596-cvtres.write.1.tlog
E:\vs2012\documents\NetworkRoute\NetworkRoute\Debug\link.7596-rc.read.1.tlog
E:\vs2012\documents\NetworkRoute\NetworkRoute\Debug\link.7596-rc.write.1.tlog
E:\vs2012\documents\NetworkRoute\NetworkRoute\Debug\link.7596.read.1.tlog
E:\vs2012\documents\NetworkRoute\NetworkRoute\Debug\link.7596.write.1.tlog
E:\vs2012\documents\NetworkRoute\NetworkRoute\Debug\link.800-cvtres.read.1.tlog
E:\vs2012\documents\NetworkRoute\NetworkRoute\Debug\link.800-cvtres.write.1.tlog
E:\vs2012\documents\NetworkRoute\NetworkRoute\Debug\link.800-rc.read.1.tlog
E:\vs2012\documents\NetworkRoute\NetworkRoute\Debug\link.800-rc.write.1.tlog
E:\vs2012\documents\NetworkRoute\NetworkRoute\Debug\link.800.read.1.tlog
E:\vs2012\documents\NetworkRoute\NetworkRoute\Debug\link.800.write.1.tlog
E:\vs2012\documents\NetworkRoute\NetworkRoute\Debug\link.command.1.tlog
E:\vs2012\documents\NetworkRoute\NetworkRoute\Debug\link.read.1.tlog
E:\vs2012\documents\NetworkRoute\NetworkRoute\Debug\link.write.1.tlog
E:\vs2012\documents\NetworkRoute\NetworkRoute\Debug\vc110.idb
E:\vs2012\documents\NetworkRoute\NetworkRoute\Debug\vc110.pdb
E:\vs2012\documents\NetworkRoute\Debug\NetworkRoute.pdb
E:\vs2012\documents\NetworkRoute\Debug\NetworkRoute.exe
E:\vs2012\documents\NetworkRoute\Debug\NetworkRoute.ilk
